<?xml version="1.0" encoding="UTF-8"?>
<!-- Generated by org.testng.reporters.JUnitReportReporter -->
<testsuite hostname="Yusufs-MacBook-Pro.local" failures="0" tests="2" name="testVagrant.qa.rcb.restapi.SampleTest" time="0.002" errors="0" timestamp="2023-05-06T00:53:38 IST" skipped="0">
  <testcase classname="testVagrant.qa.rcb.restapi.SampleTest" name="verifyInternationalPlayersTest" time="0.002"/>
  <system-out/>
  <testcase classname="testVagrant.qa.rcb.restapi.SampleTest" name="verifyWicketKeeperCount" time="0.000"/>
  <system-out/>
</testsuite> <!-- testVagrant.qa.rcb.restapi.SampleTest -->
